{"z:\\Documents\\GitHub\\parse-css-font\\index.js":{"path":"z:\\Documents\\GitHub\\parse-css-font\\index.js","s":{"1":1,"2":1,"3":1,"4":1,"5":1,"6":1,"7":1,"8":1,"9":1,"10":1,"11":1,"12":1,"13":47,"14":1,"15":46,"16":6,"17":40,"18":40,"19":40,"20":40,"21":40,"22":92,"23":7,"24":28,"25":7,"26":7,"27":85,"28":18,"29":4,"30":14,"31":14,"32":67,"33":8,"34":1,"35":7,"36":7,"37":59,"38":14,"39":4,"40":10,"41":10,"42":45,"43":38,"44":38,"45":38,"46":9,"47":38,"48":1,"49":37,"50":37,"51":7,"52":1,"53":6,"54":1,"55":5,"56":1,"57":1,"58":4,"59":1,"60":9,"61":9,"62":7,"63":2},"b":{"1":[1,46],"2":[6,40],"3":[7,85],"4":[92,88],"5":[18,67],"6":[4,14],"7":[8,59],"8":[1,7],"9":[14,45],"10":[4,10],"11":[38,7],"12":[9,29],"13":[1,37],"14":[1,6],"15":[1,5],"16":[7,2]},"f":{"1":47,"2":28,"3":4,"4":9},"fnMap":{"1":{"name":"(anonymous_1)","line":28,"loc":{"start":{"line":28,"column":1},"end":{"line":28,"column":17}}},"2":{"name":"(anonymous_2)","line":52,"loc":{"start":{"line":52,"column":54},"end":{"line":52,"column":69}}},"3":{"name":"error","line":110,"loc":{"start":{"line":110,"column":0},"end":{"line":110,"column":24}}},"4":{"name":"parseLineHeight","line":114,"loc":{"start":{"line":114,"column":0},"end":{"line":114,"column":32}}}},"statementMap":{"1":{"start":{"line":1,"column":1},"end":{"line":1,"column":26}},"2":{"start":{"line":2,"column":0},"end":{"line":2,"column":33}},"3":{"start":{"line":3,"column":0},"end":{"line":3,"column":51}},"4":{"start":{"line":4,"column":0},"end":{"line":4,"column":49}},"5":{"start":{"line":5,"column":0},"end":{"line":5,"column":49}},"6":{"start":{"line":6,"column":0},"end":{"line":6,"column":47}},"7":{"start":{"line":7,"column":0},"end":{"line":7,"column":53}},"8":{"start":{"line":9,"column":0},"end":{"line":9,"column":39}},"9":{"start":{"line":11,"column":0},"end":{"line":13,"column":3}},"10":{"start":{"line":15,"column":0},"end":{"line":23,"column":3}},"11":{"start":{"line":25,"column":0},"end":{"line":25,"column":41}},"12":{"start":{"line":27,"column":0},"end":{"line":108,"column":2}},"13":{"start":{"line":30,"column":2},"end":{"line":32,"column":3}},"14":{"start":{"line":31,"column":3},"end":{"line":31,"column":48}},"15":{"start":{"line":34,"column":2},"end":{"line":36,"column":3}},"16":{"start":{"line":35,"column":3},"end":{"line":35,"column":40}},"17":{"start":{"line":38,"column":2},"end":{"line":44,"column":4}},"18":{"start":{"line":46,"column":2},"end":{"line":46,"column":23}},"19":{"start":{"line":47,"column":2},"end":{"line":47,"column":34}},"20":{"start":{"line":48,"column":2},"end":{"line":48,"column":29}},"21":{"start":{"line":49,"column":2},"end":{"line":104,"column":3}},"22":{"start":{"line":51,"column":3},"end":{"line":57,"column":4}},"23":{"start":{"line":52,"column":4},"end":{"line":54,"column":7}},"24":{"start":{"line":53,"column":5},"end":{"line":53,"column":24}},"25":{"start":{"line":55,"column":4},"end":{"line":55,"column":20}},"26":{"start":{"line":56,"column":4},"end":{"line":56,"column":13}},"27":{"start":{"line":59,"column":3},"end":{"line":65,"column":4}},"28":{"start":{"line":60,"column":4},"end":{"line":62,"column":5}},"29":{"start":{"line":61,"column":5},"end":{"line":61,"column":14}},"30":{"start":{"line":63,"column":4},"end":{"line":63,"column":24}},"31":{"start":{"line":64,"column":4},"end":{"line":64,"column":13}},"32":{"start":{"line":67,"column":3},"end":{"line":73,"column":4}},"33":{"start":{"line":68,"column":4},"end":{"line":70,"column":5}},"34":{"start":{"line":69,"column":5},"end":{"line":69,"column":14}},"35":{"start":{"line":71,"column":4},"end":{"line":71,"column":23}},"36":{"start":{"line":72,"column":4},"end":{"line":72,"column":13}},"37":{"start":{"line":75,"column":3},"end":{"line":81,"column":4}},"38":{"start":{"line":76,"column":4},"end":{"line":78,"column":5}},"39":{"start":{"line":77,"column":5},"end":{"line":77,"column":14}},"40":{"start":{"line":79,"column":4},"end":{"line":79,"column":25}},"41":{"start":{"line":80,"column":4},"end":{"line":80,"column":13}},"42":{"start":{"line":83,"column":3},"end":{"line":94,"column":4}},"43":{"start":{"line":84,"column":4},"end":{"line":84,"column":33}},"44":{"start":{"line":85,"column":4},"end":{"line":85,"column":25}},"45":{"start":{"line":86,"column":4},"end":{"line":88,"column":5}},"46":{"start":{"line":87,"column":5},"end":{"line":87,"column":49}},"47":{"start":{"line":89,"column":4},"end":{"line":91,"column":5}},"48":{"start":{"line":90,"column":5},"end":{"line":90,"column":50}},"49":{"start":{"line":92,"column":4},"end":{"line":92,"column":65}},"50":{"start":{"line":93,"column":4},"end":{"line":93,"column":22}},"51":{"start":{"line":96,"column":3},"end":{"line":98,"column":4}},"52":{"start":{"line":97,"column":4},"end":{"line":97,"column":70}},"53":{"start":{"line":100,"column":3},"end":{"line":102,"column":4}},"54":{"start":{"line":101,"column":4},"end":{"line":101,"column":13}},"55":{"start":{"line":103,"column":3},"end":{"line":103,"column":24}},"56":{"start":{"line":106,"column":2},"end":{"line":106,"column":45}},"57":{"start":{"line":110,"column":0},"end":{"line":112,"column":1}},"58":{"start":{"line":111,"column":1},"end":{"line":111,"column":49}},"59":{"start":{"line":114,"column":0},"end":{"line":120,"column":1}},"60":{"start":{"line":115,"column":1},"end":{"line":115,"column":32}},"61":{"start":{"line":116,"column":1},"end":{"line":118,"column":2}},"62":{"start":{"line":117,"column":2},"end":{"line":117,"column":16}},"63":{"start":{"line":119,"column":1},"end":{"line":119,"column":14}}},"branchMap":{"1":{"line":30,"type":"if","locations":[{"start":{"line":30,"column":2},"end":{"line":30,"column":2}},{"start":{"line":30,"column":2},"end":{"line":30,"column":2}}]},"2":{"line":34,"type":"if","locations":[{"start":{"line":34,"column":2},"end":{"line":34,"column":2}},{"start":{"line":34,"column":2},"end":{"line":34,"column":2}}]},"3":{"line":51,"type":"if","locations":[{"start":{"line":51,"column":3},"end":{"line":51,"column":3}},{"start":{"line":51,"column":3},"end":{"line":51,"column":3}}]},"4":{"line":51,"type":"binary-expr","locations":[{"start":{"line":51,"column":7},"end":{"line":51,"column":25}},{"start":{"line":51,"column":29},"end":{"line":51,"column":66}}]},"5":{"line":59,"type":"if","locations":[{"start":{"line":59,"column":3},"end":{"line":59,"column":3}},{"start":{"line":59,"column":3},"end":{"line":59,"column":3}}]},"6":{"line":60,"type":"if","locations":[{"start":{"line":60,"column":4},"end":{"line":60,"column":4}},{"start":{"line":60,"column":4},"end":{"line":60,"column":4}}]},"7":{"line":67,"type":"if","locations":[{"start":{"line":67,"column":3},"end":{"line":67,"column":3}},{"start":{"line":67,"column":3},"end":{"line":67,"column":3}}]},"8":{"line":68,"type":"if","locations":[{"start":{"line":68,"column":4},"end":{"line":68,"column":4}},{"start":{"line":68,"column":4},"end":{"line":68,"column":4}}]},"9":{"line":75,"type":"if","locations":[{"start":{"line":75,"column":3},"end":{"line":75,"column":3}},{"start":{"line":75,"column":3},"end":{"line":75,"column":3}}]},"10":{"line":76,"type":"if","locations":[{"start":{"line":76,"column":4},"end":{"line":76,"column":4}},{"start":{"line":76,"column":4},"end":{"line":76,"column":4}}]},"11":{"line":83,"type":"if","locations":[{"start":{"line":83,"column":3},"end":{"line":83,"column":3}},{"start":{"line":83,"column":3},"end":{"line":83,"column":3}}]},"12":{"line":86,"type":"if","locations":[{"start":{"line":86,"column":4},"end":{"line":86,"column":4}},{"start":{"line":86,"column":4},"end":{"line":86,"column":4}}]},"13":{"line":89,"type":"if","locations":[{"start":{"line":89,"column":4},"end":{"line":89,"column":4}},{"start":{"line":89,"column":4},"end":{"line":89,"column":4}}]},"14":{"line":96,"type":"if","locations":[{"start":{"line":96,"column":3},"end":{"line":96,"column":3}},{"start":{"line":96,"column":3},"end":{"line":96,"column":3}}]},"15":{"line":100,"type":"if","locations":[{"start":{"line":100,"column":3},"end":{"line":100,"column":3}},{"start":{"line":100,"column":3},"end":{"line":100,"column":3}}]},"16":{"line":116,"type":"if","locations":[{"start":{"line":116,"column":1},"end":{"line":116,"column":1}},{"start":{"line":116,"column":1},"end":{"line":116,"column":1}}]}}},"z:\\Documents\\GitHub\\parse-css-font\\lib\\helpers.js":{"path":"z:\\Documents\\GitHub\\parse-css-font\\lib\\helpers.js","s":{"1":1,"2":1,"3":45},"b":{"1":[45,7,7]},"f":{"1":45},"fnMap":{"1":{"name":"(anonymous_1)","line":5,"loc":{"start":{"line":5,"column":9},"end":{"line":5,"column":25}}}},"statementMap":{"1":{"start":{"line":1,"column":0},"end":{"line":1,"column":60}},"2":{"start":{"line":3,"column":0},"end":{"line":12,"column":2}},"3":{"start":{"line":6,"column":2},"end":{"line":9,"column":3}}},"branchMap":{"1":{"line":6,"type":"binary-expr","locations":[{"start":{"line":6,"column":9},"end":{"line":6,"column":30}},{"start":{"line":7,"column":6},"end":{"line":7,"column":31}},{"start":{"line":8,"column":6},"end":{"line":8,"column":47}}]}}}}