TN:
SF:z:\Documents\GitHub\parse-css-font\index.js
FN:28,(anonymous_1)
FN:52,(anonymous_2)
FN:110,error
FN:114,parseLineHeight
FNF:4
FNH:4
FNDA:47,(anonymous_1)
FNDA:28,(anonymous_2)
FNDA:4,error
FNDA:9,parseLineHeight
DA:1,1
DA:2,1
DA:3,1
DA:4,1
DA:5,1
DA:6,1
DA:7,1
DA:9,1
DA:11,1
DA:15,1
DA:25,1
DA:27,1
DA:30,47
DA:31,1
DA:34,46
DA:35,6
DA:38,40
DA:46,40
DA:47,40
DA:48,40
DA:49,40
DA:51,92
DA:52,7
DA:53,28
DA:55,7
DA:56,7
DA:59,85
DA:60,18
DA:61,4
DA:63,14
DA:64,14
DA:67,67
DA:68,8
DA:69,1
DA:71,7
DA:72,7
DA:75,59
DA:76,14
DA:77,4
DA:79,10
DA:80,10
DA:83,45
DA:84,38
DA:85,38
DA:86,38
DA:87,9
DA:89,38
DA:90,1
DA:92,37
DA:93,37
DA:96,7
DA:97,1
DA:100,6
DA:101,1
DA:103,5
DA:106,1
DA:110,1
DA:111,4
DA:114,1
DA:115,9
DA:116,9
DA:117,7
DA:119,2
LF:63
LH:63
BRDA:30,1,0,1
BRDA:30,1,1,46
BRDA:34,2,0,6
BRDA:34,2,1,40
BRDA:51,3,0,7
BRDA:51,3,1,85
BRDA:51,4,0,92
BRDA:51,4,1,88
BRDA:59,5,0,18
BRDA:59,5,1,67
BRDA:60,6,0,4
BRDA:60,6,1,14
BRDA:67,7,0,8
BRDA:67,7,1,59
BRDA:68,8,0,1
BRDA:68,8,1,7
BRDA:75,9,0,14
BRDA:75,9,1,45
BRDA:76,10,0,4
BRDA:76,10,1,10
BRDA:83,11,0,38
BRDA:83,11,1,7
BRDA:86,12,0,9
BRDA:86,12,1,29
BRDA:89,13,0,1
BRDA:89,13,1,37
BRDA:96,14,0,1
BRDA:96,14,1,6
BRDA:100,15,0,1
BRDA:100,15,1,5
BRDA:116,16,0,7
BRDA:116,16,1,2
BRF:32
BRH:32
end_of_record
TN:
SF:z:\Documents\GitHub\parse-css-font\lib\helpers.js
FN:5,(anonymous_1)
FNF:1
FNH:1
FNDA:45,(anonymous_1)
DA:1,1
DA:3,1
DA:6,45
LF:3
LH:3
BRDA:6,1,0,45
BRDA:6,1,1,7
BRDA:6,1,2,7
BRF:3
BRH:3
end_of_record
